<?xml version="1.0" encoding="UTF-8"?>
<robot generator="Robot 4.1.3 (Python 3.10.2 on win32)" generated="20220224 10:30:44.266" rpa="false" schemaversion="2">
<suite id="s1" name="Tests" source="C:\Users\anki_\PycharmProjects\pythonProject\Tests">
<suite id="s1-s1" name="Webtest" source="C:\Users\anki_\PycharmProjects\pythonProject\Tests\webtest.robot">
<kw name="Begin Web Test" library="keywords" type="SETUP">
<kw name="Open Browser" library="SeleniumLibrary">
<arg>about:blank</arg>
<arg>${BROWSER}</arg>
<doc>Opens a new browser instance to the optional ``url``.</doc>
<msg timestamp="20220224 10:30:44.684" level="INFO">Opening browser 'chrome' to base url 'about:blank'.</msg>
<status status="PASS" starttime="20220224 10:30:44.683" endtime="20220224 10:30:46.366"/>
</kw>
<status status="PASS" starttime="20220224 10:30:44.683" endtime="20220224 10:30:46.366"/>
</kw>
<test id="s1-s1-t1" name="User Can Access Website And Search For Product">
<kw name="Go To Web Page" library="keywords">
<kw name="Load Page" library="keywords">
<kw name="Maximize Browser Window" library="SeleniumLibrary">
<doc>Maximizes current browser window.</doc>
<status status="PASS" starttime="20220224 10:30:46.374" endtime="20220224 10:30:46.546"/>
</kw>
<kw name="Go To" library="SeleniumLibrary">
<arg>${URL}</arg>
<doc>Navigates the current browser window to the provided ``url``.</doc>
<msg timestamp="20220224 10:30:46.548" level="INFO">Opening url 'https://www.mediamarkt.se'</msg>
<status status="PASS" starttime="20220224 10:30:46.547" endtime="20220224 10:30:49.815"/>
</kw>
<status status="PASS" starttime="20220224 10:30:46.372" endtime="20220224 10:30:49.816"/>
</kw>
<kw name="Verify Page Loaded" library="keywords">
<kw name="Wait Until Page Contains" library="SeleniumLibrary">
<arg>Om MediaMarkt</arg>
<doc>Waits until ``text`` appears on the current page.</doc>
<status status="PASS" starttime="20220224 10:30:49.817" endtime="20220224 10:30:49.879"/>
</kw>
<status status="PASS" starttime="20220224 10:30:49.816" endtime="20220224 10:30:49.880"/>
</kw>
<status status="PASS" starttime="20220224 10:30:46.369" endtime="20220224 10:30:49.880"/>
</kw>
<doc>This is some basic information about the test</doc>
<tag>Test 1</tag>
<status status="PASS" starttime="20220224 10:30:46.367" endtime="20220224 10:30:49.881"/>
</test>
<test id="s1-s1-t2" name="User Can Search For A Product">
<kw name="Go To Web Page" library="keywords">
<kw name="Load Page" library="keywords">
<kw name="Maximize Browser Window" library="SeleniumLibrary">
<doc>Maximizes current browser window.</doc>
<status status="PASS" starttime="20220224 10:30:49.886" endtime="20220224 10:30:49.890"/>
</kw>
<kw name="Go To" library="SeleniumLibrary">
<arg>${URL}</arg>
<doc>Navigates the current browser window to the provided ``url``.</doc>
<msg timestamp="20220224 10:30:49.891" level="INFO">Opening url 'https://www.mediamarkt.se'</msg>
<status status="PASS" starttime="20220224 10:30:49.890" endtime="20220224 10:30:51.404"/>
</kw>
<status status="PASS" starttime="20220224 10:30:49.885" endtime="20220224 10:30:51.404"/>
</kw>
<kw name="Verify Page Loaded" library="keywords">
<kw name="Wait Until Page Contains" library="SeleniumLibrary">
<arg>Om MediaMarkt</arg>
<doc>Waits until ``text`` appears on the current page.</doc>
<status status="PASS" starttime="20220224 10:30:51.405" endtime="20220224 10:30:51.557"/>
</kw>
<status status="PASS" starttime="20220224 10:30:51.404" endtime="20220224 10:30:51.557"/>
</kw>
<status status="PASS" starttime="20220224 10:30:49.884" endtime="20220224 10:30:51.558"/>
</kw>
<kw name="Search For Product" library="keywords">
<arg>Game &amp; Watch</arg>
<kw name="Enter Search Term" library="keywords">
<arg>${search_term}</arg>
<kw name="Input Text" library="SeleniumLibrary">
<arg>//*[@id="search-autocomplete"]/form/input[1]</arg>
<arg>${search_term}</arg>
<doc>Types the given ``text`` into the text field identified by ``locator``.</doc>
<msg timestamp="20220224 10:30:51.561" level="INFO">Typing text 'Game &amp; Watch' into text field '//*[@id="search-autocomplete"]/form/input[1]'.</msg>
<status status="PASS" starttime="20220224 10:30:51.560" endtime="20220224 10:30:51.779"/>
</kw>
<status status="PASS" starttime="20220224 10:30:51.559" endtime="20220224 10:30:51.780"/>
</kw>
<kw name="Submit Search" library="keywords">
<kw name="Press Keys" library="SeleniumLibrary">
<arg>//*[@id="search-autocomplete"]/form/input[1]</arg>
<arg>RETURN</arg>
<doc>Simulates the user pressing key(s) to an element or on the active browser.</doc>
<msg timestamp="20220224 10:30:51.781" level="INFO">Sending key(s) ('RETURN',) to //*[@id="search-autocomplete"]/form/input[1] element.</msg>
<msg timestamp="20220224 10:30:52.694" level="INFO">Pressing special key RETURN to element.</msg>
<msg timestamp="20220224 10:30:52.694" level="INFO">Releasing special key RETURN.</msg>
<status status="PASS" starttime="20220224 10:30:51.780" endtime="20220224 10:30:54.868"/>
</kw>
<status status="PASS" starttime="20220224 10:30:51.780" endtime="20220224 10:30:54.868"/>
</kw>
<kw name="Verify Search Completed" library="keywords">
<kw name="Wait Until Page Contains Element" library="SeleniumLibrary">
<arg>//*[@id="category"]/hgroup/h1/em</arg>
<doc>Waits until the element ``locator`` appears on the current page.</doc>
<status status="PASS" starttime="20220224 10:30:54.869" endtime="20220224 10:30:54.939"/>
</kw>
<kw name="Get Text" library="SeleniumLibrary">
<var>${element_text}</var>
<arg>//*[@id="category"]/hgroup/h1/em</arg>
<doc>Returns the text value of the element identified by ``locator``.</doc>
<msg timestamp="20220224 10:30:55.018" level="INFO">${element_text} = (2)</msg>
<status status="PASS" starttime="20220224 10:30:54.939" endtime="20220224 10:30:55.018"/>
</kw>
<kw name="Convert Into Number" library="remove_parenthesis">
<var>${actual_amount}</var>
<arg>${element_text}</arg>
<doc>Remove parenthesis from number and return number</doc>
<msg timestamp="20220224 10:30:55.018" level="INFO">${actual_amount} = 2</msg>
<status status="PASS" starttime="20220224 10:30:55.018" endtime="20220224 10:30:55.018"/>
</kw>
<kw name="Should Be True" library="BuiltIn">
<arg>${actual_amount} &gt; 0</arg>
<doc>Fails if the given condition is not true.</doc>
<status status="PASS" starttime="20220224 10:30:55.019" endtime="20220224 10:30:55.019"/>
</kw>
<status status="PASS" starttime="20220224 10:30:54.869" endtime="20220224 10:30:55.019"/>
</kw>
<status status="PASS" starttime="20220224 10:30:51.558" endtime="20220224 10:30:55.020"/>
</kw>
<doc>This is some basic information about the second test</doc>
<tag>Test 2</tag>
<status status="PASS" starttime="20220224 10:30:49.883" endtime="20220224 10:30:55.020"/>
</test>
<test id="s1-s1-t3" name="User Can Search For Another Product">
<kw name="Go To Web Page" library="keywords">
<kw name="Load Page" library="keywords">
<kw name="Maximize Browser Window" library="SeleniumLibrary">
<doc>Maximizes current browser window.</doc>
<status status="PASS" starttime="20220224 10:30:55.025" endtime="20220224 10:30:55.030"/>
</kw>
<kw name="Go To" library="SeleniumLibrary">
<arg>${URL}</arg>
<doc>Navigates the current browser window to the provided ``url``.</doc>
<msg timestamp="20220224 10:30:55.031" level="INFO">Opening url 'https://www.mediamarkt.se'</msg>
<status status="PASS" starttime="20220224 10:30:55.030" endtime="20220224 10:30:56.240"/>
</kw>
<status status="PASS" starttime="20220224 10:30:55.024" endtime="20220224 10:30:56.240"/>
</kw>
<kw name="Verify Page Loaded" library="keywords">
<kw name="Wait Until Page Contains" library="SeleniumLibrary">
<arg>Om MediaMarkt</arg>
<doc>Waits until ``text`` appears on the current page.</doc>
<status status="PASS" starttime="20220224 10:30:56.241" endtime="20220224 10:30:56.376"/>
</kw>
<status status="PASS" starttime="20220224 10:30:56.240" endtime="20220224 10:30:56.376"/>
</kw>
<status status="PASS" starttime="20220224 10:30:55.023" endtime="20220224 10:30:56.376"/>
</kw>
<kw name="Search For Product" library="keywords">
<arg>NINTENDO Switch</arg>
<kw name="Enter Search Term" library="keywords">
<arg>${search_term}</arg>
<kw name="Input Text" library="SeleniumLibrary">
<arg>//*[@id="search-autocomplete"]/form/input[1]</arg>
<arg>${search_term}</arg>
<doc>Types the given ``text`` into the text field identified by ``locator``.</doc>
<msg timestamp="20220224 10:30:56.379" level="INFO">Typing text 'NINTENDO Switch' into text field '//*[@id="search-autocomplete"]/form/input[1]'.</msg>
<status status="PASS" starttime="20220224 10:30:56.378" endtime="20220224 10:30:56.566"/>
</kw>
<status status="PASS" starttime="20220224 10:30:56.378" endtime="20220224 10:30:56.566"/>
</kw>
<kw name="Submit Search" library="keywords">
<kw name="Press Keys" library="SeleniumLibrary">
<arg>//*[@id="search-autocomplete"]/form/input[1]</arg>
<arg>RETURN</arg>
<doc>Simulates the user pressing key(s) to an element or on the active browser.</doc>
<msg timestamp="20220224 10:30:56.568" level="INFO">Sending key(s) ('RETURN',) to //*[@id="search-autocomplete"]/form/input[1] element.</msg>
<msg timestamp="20220224 10:30:57.154" level="INFO">Pressing special key RETURN to element.</msg>
<msg timestamp="20220224 10:30:57.154" level="INFO">Releasing special key RETURN.</msg>
<status status="PASS" starttime="20220224 10:30:56.567" endtime="20220224 10:31:01.034"/>
</kw>
<status status="PASS" starttime="20220224 10:30:56.567" endtime="20220224 10:31:01.035"/>
</kw>
<kw name="Verify Search Completed" library="keywords">
<kw name="Wait Until Page Contains Element" library="SeleniumLibrary">
<arg>//*[@id="category"]/hgroup/h1/em</arg>
<doc>Waits until the element ``locator`` appears on the current page.</doc>
<status status="PASS" starttime="20220224 10:31:01.035" endtime="20220224 10:31:01.078"/>
</kw>
<kw name="Get Text" library="SeleniumLibrary">
<var>${element_text}</var>
<arg>//*[@id="category"]/hgroup/h1/em</arg>
<doc>Returns the text value of the element identified by ``locator``.</doc>
<msg timestamp="20220224 10:31:01.185" level="INFO">${element_text} = (231)</msg>
<status status="PASS" starttime="20220224 10:31:01.078" endtime="20220224 10:31:01.185"/>
</kw>
<kw name="Convert Into Number" library="remove_parenthesis">
<var>${actual_amount}</var>
<arg>${element_text}</arg>
<doc>Remove parenthesis from number and return number</doc>
<msg timestamp="20220224 10:31:01.186" level="INFO">${actual_amount} = 231</msg>
<status status="PASS" starttime="20220224 10:31:01.186" endtime="20220224 10:31:01.186"/>
</kw>
<kw name="Should Be True" library="BuiltIn">
<arg>${actual_amount} &gt; 0</arg>
<doc>Fails if the given condition is not true.</doc>
<status status="PASS" starttime="20220224 10:31:01.187" endtime="20220224 10:31:01.187"/>
</kw>
<status status="PASS" starttime="20220224 10:31:01.035" endtime="20220224 10:31:01.188"/>
</kw>
<status status="PASS" starttime="20220224 10:30:56.377" endtime="20220224 10:31:01.188"/>
</kw>
<doc>Info about the third test case</doc>
<tag>Test 3</tag>
<status status="PASS" starttime="20220224 10:30:55.022" endtime="20220224 10:31:01.189"/>
</test>
<kw name="End Web Test" library="keywords" type="TEARDOWN">
<kw name="Close Browser" library="SeleniumLibrary">
<doc>Closes the current browser.</doc>
<status status="PASS" starttime="20220224 10:31:01.193" endtime="20220224 10:31:03.526"/>
</kw>
<status status="PASS" starttime="20220224 10:31:01.193" endtime="20220224 10:31:03.527"/>
</kw>
<doc>Some basic information about the whole test suite</doc>
<status status="PASS" starttime="20220224 10:30:44.313" endtime="20220224 10:31:03.527"/>
</suite>
<status status="PASS" starttime="20220224 10:30:44.269" endtime="20220224 10:31:03.536"/>
</suite>
<statistics>
<total>
<stat pass="3" fail="0" skip="0">All Tests</stat>
</total>
<tag>
<stat pass="1" fail="0" skip="0">Test 1</stat>
<stat pass="1" fail="0" skip="0">Test 2</stat>
<stat pass="1" fail="0" skip="0">Test 3</stat>
</tag>
<suite>
<stat pass="3" fail="0" skip="0" id="s1" name="Tests">Tests</stat>
<stat pass="3" fail="0" skip="0" id="s1-s1" name="Webtest">Tests.Webtest</stat>
</suite>
</statistics>
<errors>
</errors>
</robot>
